<?xml version="1.0" encoding="UTF-8"?>
<!-- Generated by org.testng.reporters.JUnitReportReporter -->
<testsuite skipped="0" hostname="apple" name="com.crm.qa.testcases.ContactUsPageTest" tests="1" failures="0" timestamp="2020-05-31T13:49:50 IST" time="39.031" errors="0">
  <testcase name="verifyContactUsPageLabel" time="39.031" classname="com.crm.qa.testcases.ContactUsPageTest"/>
  <system-out/>
</testsuite> <!-- com.crm.qa.testcases.ContactUsPageTest -->
