<?xml version="1.0" encoding="UTF-8"?>
<!-- Generated by org.testng.reporters.JUnitReportReporter -->
<testsuite skipped="0" hostname="apple" name="com.crm.qa.testcases.AddNewAddressTest" tests="3" failures="0" timestamp="2020-05-31T13:54:41 IST" time="155.641" errors="0">
  <testcase name="addNewAddress" time="66.879" classname="com.crm.qa.testcases.AddNewAddressTest"/>
  <system-out/>
  <testcase name="addNewAddress" time="43.492" classname="com.crm.qa.testcases.AddNewAddressTest"/>
  <system-out/>
  <testcase name="addNewAddress" time="45.270" classname="com.crm.qa.testcases.AddNewAddressTest"/>
  <system-out/>
</testsuite> <!-- com.crm.qa.testcases.AddNewAddressTest -->
