<?xml version="1.0" encoding="UTF-8"?>
<!-- Generated by org.testng.reporters.JUnitReportReporter -->
<testsuite skipped="0" hostname="apple" name="com.crm.qa.testcases.HomePageTest" tests="3" failures="0" timestamp="2020-05-31T13:47:56 IST" time="117.453" errors="0">
  <testcase name="verifyHomePageTitleTest" time="48.100" classname="com.crm.qa.testcases.HomePageTest"/>
  <system-out/>
  <testcase name="verifyUserNameTest" time="32.125" classname="com.crm.qa.testcases.HomePageTest"/>
  <system-out/>
  <testcase name="verifyContactUsLinkTest" time="37.228" classname="com.crm.qa.testcases.HomePageTest"/>
  <system-out/>
</testsuite> <!-- com.crm.qa.testcases.HomePageTest -->
