<?xml version="1.0" encoding="UTF-8"?>
<!-- Generated by org.testng.reporters.JUnitReportReporter -->
<testsuite skipped="0" hostname="apple" name="com.crm.qa.testcases.HomePageTest" tests="3" failures="0" timestamp="2020-06-05T21:46:49 IST" time="208.935" errors="0">
  <testcase name="verifyHomePageTitleTest" time="93.723" classname="com.crm.qa.testcases.HomePageTest"/>
  <system-out/>
  <testcase name="verifyUserNameTest" time="76.013" classname="com.crm.qa.testcases.HomePageTest"/>
  <system-out/>
  <testcase name="verifyContactUsLinkTest" time="39.199" classname="com.crm.qa.testcases.HomePageTest"/>
  <system-out/>
</testsuite> <!-- com.crm.qa.testcases.HomePageTest -->
